\BOOKMARK [0][-]{chapter.1}{\376\377\000I\000n\000s\000t\000a\000l\000l\000a\000t\000i\000o\000n}{}% 1
\BOOKMARK [1][-]{section.1.1}{\376\377\000M\000o\000d\000e\000l\000S\000i\000m\000/\000Q\000u\000e\000s\000t\000a\000S\000i\000m}{chapter.1}% 2
\BOOKMARK [1][-]{section.1.2}{\376\377\000C\000\040\000C\000o\000m\000p\000i\000l\000e\000r}{chapter.1}% 3
\BOOKMARK [1][-]{section.1.3}{\376\377\000S\000o\000u\000r\000c\000e\000\040\000C\000o\000d\000e}{chapter.1}% 4
\BOOKMARK [1][-]{section.1.4}{\376\377\000C\000o\000m\000p\000i\000l\000a\000t\000i\000o\000n}{chapter.1}% 5
\BOOKMARK [1][-]{section.1.5}{\376\377\000E\000d\000i\000t\000o\000r}{chapter.1}% 6
\BOOKMARK [0][-]{chapter.2}{\376\377\000V\000H\000D\000L}{}% 7
\BOOKMARK [1][-]{section.2.1}{\376\377\000E\000x\000e\000r\000c\000i\000s\000e\000\040\0001\000:\000\040\000A\000t\000t\000r\000i\000b\000u\000t\000e\000s}{chapter.2}% 8
\BOOKMARK [2][-]{subsection.2.1.1}{\376\377\000T\000a\000s\000k\000\040\0001\000\040\000[\0001\000\040\000P\000o\000i\000n\000t\000]}{section.2.1}% 9
\BOOKMARK [2][-]{subsection.2.1.2}{\376\377\000T\000a\000s\000k\000\040\0002\000\040\000[\0001\000\040\000P\000o\000i\000n\000t\000]}{section.2.1}% 10
\BOOKMARK [1][-]{section.2.2}{\376\377\000E\000x\000e\000r\000c\000i\000s\000e\000\040\0002\000:\000\040\000T\000r\000a\000n\000s\000a\000c\000t\000i\000o\000n\000s}{chapter.2}% 11
\BOOKMARK [2][-]{subsection.2.2.1}{\376\377\000T\000a\000s\000k\000\040\0001\000\040\000[\0001\000\040\000P\000o\000i\000n\000t\000]}{section.2.2}% 12
\BOOKMARK [2][-]{subsection.2.2.2}{\376\377\000T\000a\000s\000k\000\040\0002\000\040\000[\0001\000\040\000P\000o\000i\000n\000t\000]}{section.2.2}% 13
\BOOKMARK [1][-]{section.2.3}{\376\377\000E\000x\000e\000r\000c\000i\000s\000e\000\040\0003\000:\000\040\000D\000e\000l\000a\000y\000\040\000M\000o\000d\000e\000s}{chapter.2}% 14
\BOOKMARK [2][-]{subsection.2.3.1}{\376\377\000T\000a\000s\000k\000\040\0001\000\040\000[\0002\000\040\000P\000o\000i\000n\000t\000s\000]}{section.2.3}% 15
\BOOKMARK [2][-]{subsection.2.3.2}{\376\377\000T\000a\000s\000k\000\040\0002\000\040\000[\0001\000\040\000P\000o\000i\000n\000t\000]}{section.2.3}% 16
\BOOKMARK [1][-]{section.2.4}{\376\377\000E\000x\000e\000r\000c\000i\000s\000e\000\040\0004\000:\000\040\000A\000d\000v\000a\000n\000c\000e\000d\000\040\000D\000a\000t\000a\000\040\000T\000y\000p\000e\000s\000,\000\040\000G\000e\000n\000e\000r\000i\000c\000s}{chapter.2}% 17
\BOOKMARK [2][-]{subsection.2.4.1}{\376\377\000T\000a\000s\000k\000\040\0001\000\040\000[\0004\000\040\000P\000o\000i\000n\000t\000s\000]}{section.2.4}% 18
\BOOKMARK [2][-]{subsection.2.4.2}{\376\377\000T\000a\000s\000k\000\040\0002\000\040\000[\0003\000\040\000P\000o\000i\000n\000t\000s\000]}{section.2.4}% 19
\BOOKMARK [0][-]{chapter.3}{\376\377\000O\000S\000V\000V\000M}{}% 20
\BOOKMARK [1][-]{section.3.1}{\376\377\000E\000x\000e\000r\000c\000i\000s\000e\000\040\0005\000:\000\040\000O\000S\000V\000V\000M\000\040\000V\000e\000r\000i\000f\000i\000c\000a\000t\000i\000o\000n\000\040\000U\000n\000i\000t}{chapter.3}% 21
\BOOKMARK [2][-]{subsection.3.1.1}{\376\377\000T\000a\000s\000k\000\040\0001\000\040\000[\0004\000\040\000P\000o\000i\000n\000t\000s\000]}{section.3.1}% 22
\BOOKMARK [2][-]{subsection.3.1.2}{\376\377\000T\000a\000s\000k\000\040\0002\000\040\000[\0003\000\040\000P\000o\000i\000n\000t\000s\000]}{section.3.1}% 23
\BOOKMARK [1][-]{section.3.2}{\376\377\000E\000x\000e\000r\000c\000i\000s\000e\000\040\0006\000:\000\040\000C\000o\000n\000s\000t\000r\000a\000i\000n\000e\000d\000\040\000R\000a\000n\000d\000o\000m\000\040\000T\000e\000s\000t\000i\000n\000g}{chapter.3}% 24
\BOOKMARK [2][-]{subsection.3.2.1}{\376\377\000T\000a\000s\000k\000\040\0001\000\040\000[\0004\000\040\000P\000o\000i\000n\000t\000s\000]}{section.3.2}% 25
\BOOKMARK [0][-]{chapter.4}{\376\377\000F\000L\000I}{}% 26
\BOOKMARK [1][-]{section.4.1}{\376\377\000E\000x\000e\000r\000c\000i\000s\000e\000\040\0007\000:\000\040\000F\000L\000I}{chapter.4}% 27
\BOOKMARK [2][-]{subsection.4.1.1}{\376\377\000T\000a\000s\000k\000\040\0001\000\040\000[\0003\000\040\000P\000o\000i\000n\000t\000s\000]}{section.4.1}% 28
